<?xml version="1.0" encoding="UTF-8"?>
<!-- Generated by org.testng.reporters.JUnitReportReporter -->
<testsuite hostname="DESKTOP-FSHBSE6" name="JustTest.DataProviderDemo" tests="3" failures="0" timestamp="7 Jun 2022 08:50:56 GMT" time="0.693" errors="0">
  <testcase name="testlogin" time="0.065" classname="JustTest.DataProviderDemo"/>
  <testcase name="testlogin" time="0.097" classname="JustTest.DataProviderDemo"/>
  <testcase name="testlogin" time="0.531" classname="JustTest.DataProviderDemo"/>
</testsuite> <!-- JustTest.DataProviderDemo -->
